--- Logging started at 2026-04-14 20:29:21 ---
[2026-04-14 20:30:26] autoupdate.fetch_smca
ERROR: Message: 

OUTPUT: page_snapshot: <html lang="zh-CN"><head>
  <meta charset="UTF-8">
  <meta name="viewport" content="width=device-width, initial-scale=1.0">
  <meta http-equiv="X-UA-Compatible" content="IE=edge">
  <link rel="stylesheet" href="https://cdnjs.cloudflare.com/ajax/libs/font-awesome/6.5.1/css/all.min.css">
      
  <link rel="stylesheet" href="https://unpkg.com/leaflet@1.9.4/dist/leaflet.css">
  <!-- <script src="https://unpkg.com/leaflet@1.9.4/dist/leaflet.js"></script> -->
  <!-- <script src="https://cdn.jsdelivr.net/npm/opencc-js@1.0.5/dist/umd/full.js"></script> -->
  <script src="https://hm.baidu.com/hm.js?210be660260c43da2368805314813406"></script><script src="/library/leaflet.js"></script>
  <script src="/library/full.js"></script>

  
  <!-- SEO Meta Tags -->
  <title>菜园子的气象栈</title>
  <meta name="description" content="数值预报平台，为您的生活和工作提供准确的气象信息支持。">
  <meta name="keywords" content="天气预报,气象数据,预警信息,气候分析,数值预报">
  <meta name="author" content="气象站">
  
  <!-- Open Graph / Facebook -->
  <meta property="o
TRACEBACK:
Traceback (most recent call last):
  File "/home/runner/work/06E-Felicia.github.io/06E-Felicia.github.io/auto_update/utils/util_updater.py", line 162, in fetch_live_data
    wait.until(lambda d: d.execute_script("return document.readyState") == "complete")
  File "/opt/hostedtoolcache/Python/3.10.20/x64/lib/python3.10/site-packages/selenium/webdriver/support/wait.py", line 121, in until
    raise TimeoutException(message, screen, stacktrace)
selenium.common.exceptions.TimeoutException: Message:
[2026-04-14 20:30:26] autoupdate.main
ERROR: Live data fetch failed, using fallback data.
